C51 COMPILER V9.52.0.0   CHANNEL_DATA                                                      01/24/2018 09:58:43 PAGE 1   


C51 COMPILER V9.52.0.0, COMPILATION OF MODULE CHANNEL_DATA
OBJECT MODULE PLACED IN Channel_Data.OBJ
COMPILER INVOKED BY: C:\Keil\C51\BIN\C51.EXE Channel_Data.c LARGE OPTIMIZE(6,SPEED) BROWSE INCDIR(G:\CB589P) DEBUG OBJEC
                    -TEXTEND TABS(2)

line level    source

   1          #include "system.h"
   2          #include "Channel_Data.h"
   3          
   4          /*
   5          void LoadChannel(u8 channel)
   6          {
   7            
   8          }
   9          */


MODULE INFORMATION:   STATIC OVERLAYABLE
   CODE SIZE        =   ----    ----
   CONSTANT SIZE    =   ----    ----
   XDATA SIZE       =   ----    ----
   PDATA SIZE       =   ----    ----
   DATA SIZE        =   ----    ----
   IDATA SIZE       =   ----    ----
   BIT SIZE         =   ----    ----
END OF MODULE INFORMATION.


C51 COMPILATION COMPLETE.  0 WARNING(S),  0 ERROR(S)
