C51 COMPILER V9.52.0.0   HANDLER                                                           06/02/2018 10:26:53 PAGE 1   


C51 COMPILER V9.52.0.0, COMPILATION OF MODULE HANDLER
OBJECT MODULE PLACED IN handler.OBJ
COMPILER INVOKED BY: C:\Keil\C51\BIN\C51.EXE handler.c LARGE OPTIMIZE(6,SPEED) BROWSE INCDIR(G:\CB589P) DEBUG OBJECTEXTE
                    -ND TABS(2)

line level    source

   1          #include "system.h"
   2          #include "TM1722.h"
   3          #include "handler.h"
   4          #include "KB4815.h"
   5          extern unsigned long    mMessage;
   6          extern tFlag            mFlag;
   7          extern tHmSetting       mHmSetting;
   8          
   9          extern tSqParam         mSqParam;
  10          extern tCbParam         mCbParam;
  11          extern tSysParam        mSysParam;
  12          extern Channel channel;
  13          void initHandler(void)
  14          {
  15   1      
  16   1        if(VCC_DET)
  17   1        {
  18   2          IE |=0X10;        //开串口中断  
  19   2          mFlag.SysMode = SYS_MODE_LINE;
  20   2        }
  21   1        else 
  22   1        {
  23   2          
  24   2          mFlag.SysMode = SYS_MODE_WIRELESS;  
  25   2          IE &=~0X10;        //关串口中断 
  26   2        }
  27   1      }
  28          
  29          void clearFlag(void)
  30          {
  31   1        mFlag.Mute = 0;
  32   1      
  33   1        mFlag.Emg = 0;
  34   1        mFlag.SpkOpen = 0;
  35   1        mFlag.ChangeTxPower = 0;
  36   1        mFlag.BandChanged = 0;
  37   1        mMessage = 0;
  38   1      }
  39          /*-------------------------------------------------------------------------
  40          *函数：showLcdLed  显示背景颜色
  41          *参数：无   
  42          *返回值：无
  43          *-------------------------------------------------------------------------*/
  44          void showLcdLed(void)
  45          {
  46   1        P0 &= 0x1f;
  47   1        P0 |= mHmSetting.LcdColor<<5;
  48   1      }
  49          /*-------------------------------------------------------------------------
  50          *函数：showButtonLed  显示按键灯
  51          *参数：无   
  52          *返回值：无
  53          *-------------------------------------------------------------------------*/
  54          void showButtonLed(void)
C51 COMPILER V9.52.0.0   HANDLER                                                           06/02/2018 10:26:53 PAGE 2   

  55          {
  56   1        LCD_LED = mHmSetting.ButtonLedSwitch;
  57   1      }
  58          
  59          
  60          
  61          /*-------------------------------------------------------------------------
  62          *函数：isModuConstant  AM/FM调制
  63          *参数：无   
  64          *返回值：无
  65          *-------------------------------------------------------------------------*/
  66          uchar isModuConstant(void) //调制是固定的，不能变
  67          {
  68   1        if(mCbParam.CountryTable == 2)
  69   1        {
  70   2          mCbParam.Modu = AM;
  71   2          return 1;
  72   2        }
  73   1        else if(mCbParam.Country == COUNTRY_CE || mCbParam.Country == COUNTRY_UK)
  74   1        {
  75   2          mCbParam.Modu = FM;
  76   2          return 1;
  77   2        }
  78   1        else if(mCbParam.Country == COUNTRY_DE)
  79   1        {
  80   2          if(mCbParam.Channel > 40) 
  81   2          {
  82   3            mCbParam.Modu = FM;
  83   3            return 1;
  84   3          }
  85   2        }
  86   1        return 0;
  87   1      }
  88          
  89          /*-------------------------------------------------------------------------
  90          *函数：setDefaultParam  默认设置
  91          *参数：无   
  92          *返回值：无
  93          *-------------------------------------------------------------------------*/
  94          void setDefaultParam(void)
  95          {
  96   1        clearFlag();
  97   1        mCbParam.FreqCal = 110;
  98   1        mCbParam.CountryTable = 1;
  99   1        mCbParam.Country = COUNTRY_EU;
 100   1        mCbParam.Band = 0;
 101   1        mCbParam.Channel = 9;
 102   1        mCbParam.Modu = FM;
 103   1        mCbParam.RfgLevel = 0;
 104   1        mCbParam.TxPower = POWER_LOW;
 105   1        mCbParam.VolLevel = 5;
 106   1        mCbParam.Sq=10;
 107   1        mCbParam.LastChannel=mCbParam.Channel ;
 108   1        mSqParam.IsAsq = SQ_val;
 109   1        mSqParam.AsqLevel = 3;
 110   1        mSqParam.SqLevel = 10;
 111   1        channel.RX_Freq=200.015;
 112   1        mSqParam.Scan=0;
 113   1        mSqParam.ScanDir=0;
 114   1        mSqParam.ScanHould=1;
 115   1        mSqParam.DWSet=0;
 116   1        //mSystem.isMute=0;
C51 COMPILER V9.52.0.0   HANDLER                                                           06/02/2018 10:26:53 PAGE 3   

 117   1      
 118   1        mHmSetting.SpkerSwitch = 1;
 119   1        mHmSetting.LcdColor = 7;
 120   1        mHmSetting.ButtonLedSwitch = 1;
 121   1        mHmSetting.ButtonToneSwitch = 1;
 122   1        
 123   1        mSysParam.LastChannel = mCbParam.Channel;
 124   1        mSysParam.HitPower=0;
 125   1        
 126   1        
 127   1        
 128   1        
 129   1        
 130   1      }
 131          /*-------------------------------------------------------------------------
 132          *函数：checkAllParam  验证加载信息
 133          *参数：无   
 134          *返回值：无
 135          *-------------------------------------------------------------------------*/
 136          void checkAllParam(void)
 137          {
 138   1        
 139   1        mSysParam.MinChannel = 1;
 140   1        switch(mCbParam.Country)
 141   1        {
 142   2          case COUNTRY_EU: mSysParam.MaxChannel = 40;mCbParam.Band=0;mSysParam.isUK=0;break;
 143   2          case COUNTRY_CE: mSysParam.MaxChannel = 40;mCbParam.Band=0;mSysParam.isUK=0;break;
 144   2          case COUNTRY_UK: mSysParam.MaxChannel = 40;mCbParam.Band=0;mSysParam.isUK=1;break;
 145   2          case COUNTRY_PL: mSysParam.MaxChannel = 40;mCbParam.Band=0;mSysParam.isUK=0;break;
 146   2          case COUNTRY_I0: mSysParam.MaxChannel = 40;mCbParam.Band=0;mSysParam.isUK=0;break;
 147   2          case COUNTRY_AU: mSysParam.MaxChannel = 40;mCbParam.Band=0;mSysParam.isUK=0;break;
 148   2          case COUNTRY_NL: mSysParam.MaxChannel = 40;mCbParam.Band=0;mSysParam.isUK=0;break;
 149   2          case COUNTRY_RU:
 150   2          {   
 151   3            if(mCbParam.Band>9) mCbParam.Band=0;
 152   3            mSysParam.MaxChannel = 40;
 153   3            mSysParam.isUK=0;
 154   3          }
 155   2            break;
 156   2          case COUNTRY_PX: 
 157   2            {
 158   3              if(mCbParam.Band>9) mCbParam.Band=0;
 159   3              mSysParam.MaxChannel = 40;
 160   3              mSysParam.isUK=0;
 161   3            }
 162   2            break;
 163   2          case COUNTRY_I2: mSysParam.MaxChannel = 34;mCbParam.Band=0;mSysParam.isUK=0;break;
 164   2          case COUNTRY_DE: mSysParam.MaxChannel = 80;mCbParam.Band=0;mSysParam.isUK=0;break;
 165   2          case COUNTRY_IN: mSysParam.MaxChannel = 27;mCbParam.Band=0;mSysParam.isUK=0;break;
 166   2          case COUNTRY_PC: mSysParam.MaxChannel = 50;mCbParam.Band=0;mSysParam.isUK=0;break;
 167   2          case COUNTRY_AM: mSysParam.MaxChannel = 10;mCbParam.Band=0;mSysParam.isUK=0;break;
 168   2        }
 169   1        
 170   1      if(mCbParam.CountryTable > 3)mCbParam.CountryTable = 1; 
 171   1      else if (mCbParam.CountryTable==0) mCbParam.CountryTable = 1; 
 172   1        if((mCbParam.Country > 13) || (mCbParam.Country < 0))mCbParam.Country = 0;   
 173   1      
 174   1          
 175   1        mSysParam.ActivityChannel = mCbParam.Channel;
 176   1        if((mCbParam.Channel > mSysParam.MaxChannel) || (mCbParam.Channel < mSysParam.MinChannel))mCbParam.Channe
             -l = mSysParam.MinChannel;
 177   1        
C51 COMPILER V9.52.0.0   HANDLER                                                           06/02/2018 10:26:53 PAGE 4   

 178   1      
 179   1        if((mSysParam.LastChannel < mSysParam.MinChannel) || (mSysParam.LastChannel > mSysParam.MaxChannel))
 180   1        {
 181   2          mSysParam.LastChannel = mCbParam.Channel;
 182   2          mSysParam.ActivityChannel= mSysParam.LastChannel;
 183   2        }
 184   1        
 185   1        if(mCbParam.VolLevel > 9) mCbParam.VolLevel = 5;
 186   1        
 187   1        if(mCbParam.RfgLevel > 9)mCbParam.RfgLevel =9;  
 188   1      
 189   1        if(mCbParam.TxPower > POWER_HIGH)mCbParam.TxPower = POWER_HIGH;
 190   1      
 191   1        if((mSqParam.IsAsq > 1) )mSqParam.IsAsq = 0;
 192   1        if(mSqParam.AsqLevel > 5) mSqParam.AsqLevel = 1;
 193   1        if(mSqParam.SqLevel > 28) mSqParam.SqLevel = 10;
 194   1        if(mSqParam.IsAsq==1) mCbParam.Sq = mSqParam.AsqLevel | 0x20;
 195   1        else mCbParam.Sq = mSqParam.SqLevel;
 196   1       
 197   1        if(channel.RX_Freq<200)channel.RX_Freq=200;
 198   1          
 199   1        if(mHmSetting.LcdColor > 7) mHmSetting.LcdColor = 7;
 200   1        if(mSysParam.HitPower>0) mSysParam.HitPower=1;
 201   1        mCbParam.UartTxBuf[0] = 0xFE;
 202   1        mSysParam.isMute=0;
 203   1        mCbParam.FreqCal =20;
 204   1        mSysParam.isLastChannel=0;
 205   1        mSysParam.Rssi=0;
 206   1        mFlag.SpkOpen=0;
 207   1        mDtmfRecive.DtmfSussece=0;
 208   1        
 209   1      }
 210          
 211          void CheckTxPower()
 212          {
 213   1        if(mCbParam.CountryTable==1&&mCbParam.Country==COUNTRY_EU&&mCbParam.Modu==AM)
 214   1        {
 215   2          mCbParam.TxPower=POWER_1W;
 216   2        }
 217   1        else if((mCbParam.CountryTable==2||mCbParam.CountryTable==3)&&mSysParam.HitPower==1)
 218   1        {
 219   2          mCbParam.TxPower=POWER_HIGH;
 220   2        }
 221   1        else mCbParam.TxPower=POWER_LOW;
 222   1      }
 223          


MODULE INFORMATION:   STATIC OVERLAYABLE
   CODE SIZE        =    979    ----
   CONSTANT SIZE    =   ----    ----
   XDATA SIZE       =   ----    ----
   PDATA SIZE       =   ----    ----
   DATA SIZE        =   ----    ----
   IDATA SIZE       =   ----    ----
   BIT SIZE         =   ----    ----
END OF MODULE INFORMATION.


C51 COMPILATION COMPLETE.  0 WARNING(S),  0 ERROR(S)
