C51 COMPILER V9.52.0.0   AT24C08                                                           06/01/2018 15:43:46 PAGE 1   


C51 COMPILER V9.52.0.0, COMPILATION OF MODULE AT24C08
OBJECT MODULE PLACED IN at24c08.OBJ
COMPILER INVOKED BY: C:\Keil\C51\BIN\C51.EXE at24c08.c LARGE OPTIMIZE(6,SPEED) BROWSE INCDIR(G:\CB589P) DEBUG OBJECTEXTE
                    -ND TABS(2)

line level    source

   1          #include "system.h"
   2          #include "at24c08.h"
   3          
   4          /*-------------------------------------------------------------------------
   5          *函数：initAt24c08  存储器初使化
   6          *参数：无  
   7          *返回值：无
   8          *-------------------------------------------------------------------------*/
   9          void initAt24c08(void)
  10          {
  11   1        
  12   1        P0MDL &= 0x0F; 
  13   1        P0MDL |= 0xa0;
  14   1        AT24C08_SDA = 1;
  15   1        AT24C08_SCL = 1;
  16   1      }
  17          /*-------------------------------------------------------------------------
  18          *函数：at24c08I2cStart  存储器启动
  19          *参数：无  
  20          *返回值：无
  21          *-------------------------------------------------------------------------*/
  22          void at24c08I2cStart(void)
  23          {
  24   1        AT24C08_SDA = 1;
  25   1        AT24C08_SCL = 1;
  26   1        delayus(2);
  27   1        AT24C08_SDA = 0;
  28   1        delayus(2);
  29   1        AT24C08_SCL = 0;
  30   1      }
  31          /*-------------------------------------------------------------------------
  32          *函数：at24c08I2cStop  存储器停止使用
  33          *参数：无  
  34          *返回值：无
  35          *-------------------------------------------------------------------------*/
  36          void at24c08I2cStop(void)
  37          {
  38   1        AT24C08_SDA = 0;
  39   1        delayus(2);
  40   1        AT24C08_SCL = 1;
  41   1        delayus(2);
  42   1        AT24C08_SDA = 1;
  43   1        delayus(2);
  44   1      }
  45          /*-------------------------------------------------------------------------
  46          *函数：at24c08RxAck  读1位存储器
  47          *参数：无  
  48          *返回值：无
  49          *-------------------------------------------------------------------------*/
  50          u8 at24c08RxAck(void)
  51          { 
  52   1        
  53   1        unsigned char tempTime=0;
  54   1        AT24C08_SCL = 0;
C51 COMPILER V9.52.0.0   AT24C08                                                           06/01/2018 15:43:46 PAGE 2   

  55   1        delayus(2);
  56   1        SET_AT24C08_SDA_IN;
  57   1        
  58   1        AT24C08_SCL = 1;
  59   1        delayus(2);
  60   1        while(AT24C08_SDA)
  61   1        {
  62   2          tempTime++;
  63   2          if(tempTime>250)
  64   2          {     
  65   3            at24c08I2cStop();
  66   3            SET_AT24C08_SDA_OUT;
  67   3            return 1;
  68   3          }  
  69   2        } 
  70   1        
  71   1        AT24C08_SCL = 0;
  72   1        SET_AT24C08_SDA_OUT;
  73   1        delayus(2);
  74   1        return 0;
  75   1      }
  76          /*-------------------------------------------------------------------------
  77          *函数：at24c08TxAck  写1位存储器
  78          *参数：ACK要写的字  
  79          *返回值：无
  80          *-------------------------------------------------------------------------*/
  81          void at24c08TxAck(u8 ACK) 
  82          {
  83   1        AT24C08_SCL = 0;
  84   1        delayus(2);
  85   1        AT24C08_SDA = ACK;
  86   1        delayus(2);
  87   1        AT24C08_SCL = 1;
  88   1        delayus(2);
  89   1        AT24C08_SCL = 0;
  90   1        delayus(2); 
  91   1      }
  92          /*-------------------------------------------------------------------------
  93          *函数：at24c08I2cWriteByte  存储器写入字
  94          *参数：value   要写的字 
  95          *返回值：无
  96          *-------------------------------------------------------------------------*/
  97          void at24c08I2cWriteByte(u8 value)
  98          {
  99   1        unsigned char i;
 100   1        
 101   1        AT24C08_SCL = 0;
 102   1        for(i=0; i<8; i++)
 103   1        {
 104   2          if(value & 0x80)
 105   2          {
 106   3            AT24C08_SDA = 1;
 107   3          }
 108   2          else
 109   2          {
 110   3            AT24C08_SDA = 0;
 111   3          }
 112   2          delayus(2);
 113   2          AT24C08_SCL = 1;
 114   2          delayus(2);
 115   2          AT24C08_SCL = 0;
 116   2          value <<= 1;
C51 COMPILER V9.52.0.0   AT24C08                                                           06/01/2018 15:43:46 PAGE 3   

 117   2        }
 118   1      }
 119          /*-------------------------------------------------------------------------
 120          *函数：at24c08I2cReadByte  存储器读一字
 121          *参数：无  
 122          *返回值：读出的字
 123          *-------------------------------------------------------------------------*/
 124          u8 at24c08I2cReadByte(void)
 125          {
 126   1        u8 i,temp;
 127   1        
 128   1        AT24C08_SCL = 0;
 129   1        delayus(2);
 130   1        SET_AT24C08_SDA_IN;
 131   1        delayus(2);
 132   1        for(i=0; i<8; i++)
 133   1        {
 134   2          temp <<= 1;
 135   2          if(AT24C08_SDA)
 136   2          {
 137   3            temp |= 0x01;
 138   3          }
 139   2          delayus(2); 
 140   2          AT24C08_SCL = 1;
 141   2          delayus(2); 
 142   2          AT24C08_SCL = 0;
 143   2        }
 144   1        SET_AT24C08_SDA_OUT;
 145   1        return temp;
 146   1      }
 147          /*-------------------------------------------------------------------------
 148          *函数：eepromWriteByte  向存储器是写字
 149          *参数：page 存储器页   addr 存储器地址  value 写入的值 
 150          *返回值：无
 151          *-------------------------------------------------------------------------*/
 152          void eepromWriteByte(u8 page,u8 addr,u8 value)
 153          {
 154   1        at24c08I2cStart();
 155   1        at24c08I2cWriteByte(page);
 156   1        at24c08RxAck();
 157   1        at24c08I2cWriteByte(addr);
 158   1        at24c08RxAck();
 159   1        at24c08I2cWriteByte(value);
 160   1        at24c08RxAck();
 161   1        at24c08I2cStop();
 162   1        delayms(5);
 163   1      }
 164          /*-------------------------------------------------------------------------
 165          *函数：eepromWritePage  存储器写入
 166          *参数：无  
 167          *返回值：无
 168          *-------------------------------------------------------------------------*/
 169          void eepromWritePage(u8 page,u8 *p_value, u8 addr, u8 len)
 170          {
 171   1        u8 i;
 172   1        at24c08I2cStart();
 173   1        at24c08I2cWriteByte(page);
 174   1        at24c08RxAck();
 175   1        at24c08I2cWriteByte(addr);
 176   1        at24c08RxAck();
 177   1        
 178   1        for(i=0; i<len; i++)
C51 COMPILER V9.52.0.0   AT24C08                                                           06/01/2018 15:43:46 PAGE 4   

 179   1        {
 180   2          at24c08I2cWriteByte(*(p_value++));
 181   2          at24c08RxAck();
 182   2          
 183   2        }
 184   1        at24c08I2cStop();
 185   1        delayms(5);
 186   1      }
 187          /*-------------------------------------------------------------------------
 188          *函数：eepromReadByte  读存储器
 189          *参数：无  
 190          *返回值：所读的值
 191          *-------------------------------------------------------------------------*/
 192          u8 eepromReadByte(u8 page,u8 addr)
 193          {
 194   1        u8 value;
 195   1        
 196   1        at24c08I2cStart();
 197   1        at24c08I2cWriteByte(page);
 198   1        at24c08RxAck();
 199   1        at24c08I2cWriteByte(addr);
 200   1        at24c08RxAck();
 201   1        at24c08I2cStart();
 202   1        at24c08I2cWriteByte(page | 0x01);
 203   1        at24c08RxAck();
 204   1        value = at24c08I2cReadByte();
 205   1        at24c08TxAck(1);
 206   1        at24c08I2cStop();
 207   1        delayms(5);
 208   1        return value;
 209   1      }
 210          /*-------------------------------------------------------------------------
 211          *函数：eepromReadSequential  读存储器
 212          *参数：无  
 213          *返回值：无
 214          *-------------------------------------------------------------------------*/
 215          void eepromReadSequential(u8 page,u8 *p_data,u8 addr,u8 length)
 216          {
 217   1        u16 i;
 218   1      
 219   1        at24c08I2cStart();
 220   1        at24c08I2cWriteByte(page);
 221   1        at24c08RxAck();
 222   1        at24c08I2cWriteByte(addr);
 223   1        at24c08RxAck();
 224   1        at24c08I2cStart();
 225   1        at24c08I2cWriteByte(page | 0x01);
 226   1        at24c08RxAck();
 227   1        for(i=0; i<length-1; i++)  //最后一位要另外读，因为读完最后一位发非应答信号
 228   1        {
 229   2          *(p_data + i) = at24c08I2cReadByte();
 230   2          at24c08TxAck(0);
 231   2        }
 232   1        *(p_data + i) = at24c08I2cReadByte();
 233   1        at24c08TxAck(1);
 234   1      
 235   1        at24c08I2cStop();
 236   1      }


MODULE INFORMATION:   STATIC OVERLAYABLE
   CODE SIZE        =    702    ----
C51 COMPILER V9.52.0.0   AT24C08                                                           06/01/2018 15:43:46 PAGE 5   

   CONSTANT SIZE    =   ----    ----
   XDATA SIZE       =   ----      27
   PDATA SIZE       =   ----    ----
   DATA SIZE        =   ----    ----
   IDATA SIZE       =   ----    ----
   BIT SIZE         =   ----    ----
END OF MODULE INFORMATION.


C51 COMPILATION COMPLETE.  0 WARNING(S),  0 ERROR(S)
