C51 COMPILER V9.52.0.0   M62429                                                            06/01/2018 15:43:49 PAGE 1   


C51 COMPILER V9.52.0.0, COMPILATION OF MODULE M62429
OBJECT MODULE PLACED IN m62429.OBJ
COMPILER INVOKED BY: C:\Keil\C51\BIN\C51.EXE m62429.c LARGE OPTIMIZE(6,SPEED) BROWSE INCDIR(G:\CB589P) DEBUG OBJECTEXTEN
                    -D TABS(2)

line level    source

   1          #include "system.h"
   2          #include "m62429.h"
   3          
   4          unsigned char code Volume_Table[10]={
   5             0x00,0x6F,0x31,0x52,0x53,0x34,0x74,0x35,0x55,0x75};
   6          ////音量控制*************/////////////////
   7          void M62429_Volume(unsigned char volume)   
   8          {   
   9   1          unsigned char j; 
  10   1        M62429_CLK =0;  
  11   1          M62429_DIO =0; 
  12   1        delayus(2);  
  13   1       
  14   1        M62429_CLK =1;  //D0 =0;
  15   1        delayus(2); 
  16   1          M62429_CLK =0;
  17   1        M62429_DIO =0; 
  18   1        delayus(2); 
  19   1        M62429_CLK =1; //D1 =0;   
  20   1        delayus(2);          
  21   1          for(j=0;j<7;j++)    //D2--D8
  22   1          {   
  23   2              M62429_CLK=0; 
  24   2          delayus(2); 
  25   2              M62429_DIO=(volume>>j)&0x01;     
  26   2              M62429_CLK=1;            
  27   2          delayus(2);  
  28   2          M62429_DIO =0;
  29   2          }
  30   1        M62429_CLK=0; 
  31   1        delayus(2); 
  32   1          M62429_DIO =1;     
  33   1        delayus(2); 
  34   1        M62429_CLK =1;   //D9 =1;
  35   1          M62429_DIO =0;   
  36   1        delayus(2); 
  37   1        M62429_CLK=0;     
  38   1          M62429_DIO =1;     
  39   1          delayus(2);   
  40   1        M62429_CLK=1; //D10 =1;
  41   1          delayus(2); 
  42   1          M62429_CLK=0;   //stop the data
  43   1        M62429_DIO=0;  
  44   1      }  
  45          void Change_Volume(unsigned char level)   //用于跳跃式调音
  46          {
  47   1         unsigned char temp;
  48   1         if( (level <16) && ( level >=0)) {
  49   2         temp = Volume_Table[level];
  50   2         M62429_Volume(temp);
  51   2         }
  52   1      }
  53          
  54          /*-------------------------------------------------------------------------
C51 COMPILER V9.52.0.0   M62429                                                            06/01/2018 15:43:49 PAGE 2   

  55          *函数：setVolumeLevel  设置音量
  56          *参数：freq    频率  
  57          *返回值：无
  58          *-------------------------------------------------------------------------*/
  59          void setVolumeLevel(uchar level)
  60          {
  61   1        
  62   1        /*
  63   1        switch(level)
  64   1        {
  65   1          case 9: volume = 15; break;
  66   1          case 8: volume = 13; break;
  67   1          case 7: volume = 11; break;
  68   1          case 6: volume = 10; break;
  69   1          case 5: volume = 9; break;
  70   1          case 4: volume = 7; break;
  71   1          case 3: volume = 5; break;
  72   1          case 2: volume = 3; break;
  73   1          case 1: volume = 2; break;
  74   1          case 0: volume = 0; break;
  75   1          default:volume = 5; break;
  76   1        } 
  77   1        */
  78   1        Change_Volume(level);
  79   1      }
  80          
  81          /*-------------------------------------------------------------------------
  82          *函数：initM62429  初使化 62429 引脚
  83          *参数：freq    频率  
  84          *返回值：无
  85          *-------------------------------------------------------------------------*/
  86          void initM62429(void)
  87          {
  88   1      //  #define M62429_DIO    P13
  89   1      //  #define M62429_CLK    P04
  90   1        P1MDL &= 0x3f;
  91   1        P1MDL |= 0x80;  //P13推挽输出
  92   1      
  93   1        P0MDH &= 0xfc;
  94   1        P0MDH |= 0x02;  //P04推挽输出
  95   1        setVolumeLevel(3);
  96   1      }


MODULE INFORMATION:   STATIC OVERLAYABLE
   CODE SIZE        =    180    ----
   CONSTANT SIZE    =     10    ----
   XDATA SIZE       =   ----       2
   PDATA SIZE       =   ----    ----
   DATA SIZE        =   ----    ----
   IDATA SIZE       =   ----    ----
   BIT SIZE         =   ----    ----
END OF MODULE INFORMATION.


C51 COMPILATION COMPLETE.  0 WARNING(S),  0 ERROR(S)
