C51 COMPILER V9.52.0.0   MAIN                                                              06/01/2018 15:43:45 PAGE 1   


C51 COMPILER V9.52.0.0, COMPILATION OF MODULE MAIN
OBJECT MODULE PLACED IN main.OBJ
COMPILER INVOKED BY: C:\Keil\C51\BIN\C51.EXE main.c LARGE OPTIMIZE(6,SPEED) BROWSE INCDIR(G:\CB589P) DEBUG OBJECTEXTEND 
                    -TABS(2)

line level    source

   1             #include "SC51F2832.H"
   2          
   3          #include "system.h"
   4          #include "XN31202.h"
   5          #include "event.h"
   6          
   7          #include "m62429.h"
   8          
   9          #include "vco.h"
  10          #include "KB4815.h"
  11          #include "memory.h"
  12          
  13          
  14          u8 ini;
  15          u8 isPowerOn=0;
  16          u16 timePowOn=0;
  17          void main()
  18          {
  19   1        SystemInit();
  20   1        ini=BK4815_INIT;  
  21   1        initM62429();
  22   1        initXN31202();
  23   1        SetBK4815Pragram();   
  24   1        initMemory(); 
  25   1        while(isPowerOn)  
  26   1        {
  27   2          if(POWER_ON == 0||(HM_DET==1))
  28   2          {
  29   3            timePowOn++;
  30   3            delayms(10);
  31   3            if(timePowOn>50)
  32   3            {
  33   4              isPowerOn=1;
  34   4            }
  35   3          }
  36   2          else
  37   2          {
  38   3            timePowOn=0;
  39   3          }
  40   2        }
  41   1        while(1)
  42   1        {
  43   2          initHandler();
  44   2          
  45   2          eventHandler();
  46   2        
  47   2        } 
  48   1      }
  49          
  50          void  INT0_Irq(void)  interrupt 0
  51          {
  52   1      
  53   1        mRecive=MRECIVE_BK4815_INTERUPT;
  54   1        
C51 COMPILER V9.52.0.0   MAIN                                                              06/01/2018 15:43:45 PAGE 2   

  55   1        
  56   1        ACC = EINTCS0;
  57   1          EINTCS0 &= 0xfc;  
  58   1          ACC = EINTCS0;                 //建议2次清除中断标志 或者在清0前后各读一次标志位
  59   1          EINTCS0 &= 0xfc;
  60   1          //P01=!P01;
  61   1      }


MODULE INFORMATION:   STATIC OVERLAYABLE
   CODE SIZE        =    126    ----
   CONSTANT SIZE    =   ----    ----
   XDATA SIZE       =      4    ----
   PDATA SIZE       =   ----    ----
   DATA SIZE        =   ----    ----
   IDATA SIZE       =   ----    ----
   BIT SIZE         =   ----    ----
END OF MODULE INFORMATION.


C51 COMPILATION COMPLETE.  0 WARNING(S),  0 ERROR(S)
